This file contains any messages produced by compilers while
running configure, to aid debugging if configure makes a mistake.

It was created by pcalc configure 1.3, which was
generated by GNU Autoconf 2.71.  Invocation command line was

  $ ./configure --no-create --no-recursion

## --------- ##
## Platform. ##
## --------- ##

hostname = ubunew
uname -m = x86_64
uname -r = 5.15.0-41-generic
uname -s = Linux
uname -v = #44-Ubuntu SMP Wed Jun 22 14:20:53 UTC 2022

/usr/bin/uname -p = x86_64
/bin/uname -X     = unknown

/bin/arch              = x86_64
/usr/bin/arch -k       = unknown
/usr/convex/getsysinfo = unknown
/usr/bin/hostinfo      = unknown
/bin/machine           = unknown
/usr/bin/oslevel       = unknown
/bin/universe          = unknown

PATH: /home/peterglen/Downloads/gcc-arm-none-eabi-10.3-2021.10/bin/
PATH: /home/peterglen/Downloads/gcc-arm-none-eabi-10.3-2021.10/gcc-arm-none-eabi-10.3-2021.10/bin/
PATH: /home/peterglen/android-studio/bin/
PATH: /home/peterglen/eclipse/cpp-2020-12/eclipse/
PATH: /home/peterglen/bin/
PATH: /home/peterglen/.cargo/bin/
PATH: /home/peterglen/.local/bin/
PATH: /home/peterglen/bin/
PATH: /usr/local/sbin/
PATH: /usr/local/bin/
PATH: /usr/sbin/
PATH: /usr/bin/
PATH: /sbin/
PATH: /bin/
PATH: /usr/games/
PATH: /usr/local/games/
PATH: /snap/bin/
PATH: /opt/firefox/firefox/
PATH: /home/peterglen/cloud/flutter/bin/


## ----------- ##
## Core tests. ##
## ----------- ##

configure:2394: looking for aux files: compile missing install-sh
configure:2407:  trying ./
configure:2436:   ./compile found
configure:2436:   ./missing found
configure:2418:   ./install-sh found
configure:2567: checking for a BSD-compatible install
configure:2640: result: /usr/bin/install -c
configure:2651: checking whether build environment is sane
configure:2706: result: yes
configure:2741: WARNING: 'missing' script is too old or missing
configure:2865: checking for a race-free mkdir -p
configure:2909: result: /usr/bin/mkdir -p
configure:2916: checking for gawk
configure:2937: found /usr/bin/gawk
configure:2948: result: gawk
configure:2959: checking whether make sets $(MAKE)
configure:2982: result: yes
configure:3012: checking whether make supports nested variables
configure:3030: result: yes
configure:3171: checking for bison
configure:3192: found /usr/bin/bison
configure:3203: result: bison -y
configure:3277: checking for gcc
configure:3298: found /usr/bin/gcc
configure:3309: result: gcc
configure:3662: checking for C compiler version
configure:3671: gcc --version >&5
gcc (Ubuntu 11.2.0-19ubuntu1) 11.2.0
Copyright (C) 2021 Free Software Foundation, Inc.
This is free software; see the source for copying conditions.  There is NO
warranty; not even for MERCHANTABILITY or FITNESS FOR A PARTICULAR PURPOSE.

configure:3682: $? = 0
configure:3671: gcc -v >&5
Using built-in specs.
COLLECT_GCC=gcc
COLLECT_LTO_WRAPPER=/usr/lib/gcc/x86_64-linux-gnu/11/lto-wrapper
OFFLOAD_TARGET_NAMES=nvptx-none:amdgcn-amdhsa
OFFLOAD_TARGET_DEFAULT=1
Target: x86_64-linux-gnu
Configured with: ../src/configure -v --with-pkgversion='Ubuntu 11.2.0-19ubuntu1' --with-bugurl=file:///usr/share/doc/gcc-11/README.Bugs --enable-languages=c,ada,c++,go,brig,d,fortran,objc,obj-c++,m2 --prefix=/usr --with-gcc-major-version-only --program-suffix=-11 --program-prefix=x86_64-linux-gnu- --enable-shared --enable-linker-build-id --libexecdir=/usr/lib --without-included-gettext --enable-threads=posix --libdir=/usr/lib --enable-nls --enable-bootstrap --enable-clocale=gnu --enable-libstdcxx-debug --enable-libstdcxx-time=yes --with-default-libstdcxx-abi=new --enable-gnu-unique-object --disable-vtable-verify --enable-plugin --enable-default-pie --with-system-zlib --enable-libphobos-checking=release --with-target-system-zlib=auto --enable-objc-gc=auto --enable-multiarch --disable-werror --enable-cet --with-arch-32=i686 --with-abi=m64 --with-multilib-list=m32,m64,mx32 --enable-multilib --with-tune=generic --enable-offload-targets=nvptx-none=/build/gcc-11-gBFGDP/gcc-11-11.2.0/debian/tmp-nvptx/usr,amdgcn-amdhsa=/build/gcc-11-gBFGDP/gcc-11-11.2.0/debian/tmp-gcn/usr --without-cuda-driver --enable-checking=release --build=x86_64-linux-gnu --host=x86_64-linux-gnu --target=x86_64-linux-gnu --with-build-config=bootstrap-lto-lean --enable-link-serialization=2
Thread model: posix
Supported LTO compression algorithms: zlib zstd
gcc version 11.2.0 (Ubuntu 11.2.0-19ubuntu1) 
... rest of stderr output deleted ...
configure:3682: $? = 0
configure:3671: gcc -V >&5
gcc: error: unrecognized command-line option '-V'
gcc: fatal error: no input files
compilation terminated.
configure:3682: $? = 1
configure:3671: gcc -qversion >&5
gcc: error: unrecognized command-line option '-qversion'; did you mean '--version'?
gcc: fatal error: no input files
compilation terminated.
configure:3682: $? = 1
configure:3671: gcc -version >&5
gcc: error: unrecognized command-line option '-version'
gcc: fatal error: no input files
compilation terminated.
configure:3682: $? = 1
configure:3702: checking whether the C compiler works
configure:3724: gcc    conftest.c  >&5
configure:3728: $? = 0
configure:3778: result: yes
configure:3781: checking for C compiler default output file name
configure:3783: result: a.out
configure:3789: checking for suffix of executables
configure:3796: gcc -o conftest    conftest.c  >&5
configure:3800: $? = 0
configure:3823: result: 
configure:3845: checking whether we are cross compiling
configure:3853: gcc -o conftest    conftest.c  >&5
configure:3857: $? = 0
configure:3864: ./conftest
configure:3868: $? = 0
configure:3883: result: no
configure:3888: checking for suffix of object files
configure:3911: gcc -c   conftest.c >&5
configure:3915: $? = 0
configure:3937: result: o
configure:3941: checking whether the compiler supports GNU C
configure:3961: gcc -c   conftest.c >&5
configure:3961: $? = 0
configure:3971: result: yes
configure:3982: checking whether gcc accepts -g
configure:4003: gcc -c -g  conftest.c >&5
configure:4003: $? = 0
configure:4047: result: yes
configure:4067: checking for gcc option to enable C11 features
configure:4082: gcc  -c -g -O2  conftest.c >&5
configure:4082: $? = 0
configure:4100: result: none needed
configure:4216: checking whether gcc understands -c and -o together
configure:4239: gcc -c conftest.c -o conftest2.o
configure:4242: $? = 0
configure:4239: gcc -c conftest.c -o conftest2.o
configure:4242: $? = 0
configure:4254: result: yes
configure:4274: checking whether make supports the include directive
configure:4289: make -f confmf.GNU && cat confinc.out
make[1]: Entering directory '/home/peterglen/pgsrc/pcalc/pcalc'
make[1]: Leaving directory '/home/peterglen/pgsrc/pcalc/pcalc'
this is the am__doit target
configure:4292: $? = 0
configure:4311: result: yes (GNU style)
configure:4337: checking dependency style of gcc
configure:4449: result: gcc3
configure:4470: checking for flex
configure:4491: found /usr/bin/flex
configure:4502: result: flex
configure:4551: checking for lex output file root
configure:4564: flex conftest.l
configure:4568: $? = 0
configure:4576: result: lex.yy
configure:4591: checking for lex library
configure:4616: gcc -o conftest -g -O2   conftest.c  >&5
configure:4616: $? = 0
configure:4629: result: none needed
configure:4644: checking for library containing yywrap
configure:4674: gcc -o conftest -g -O2   conftest.c  >&5
/usr/bin/ld: /tmp/ccq5Iqsq.o: in function `main':
/home/peterglen/pgsrc/pcalc/pcalc/conftest.c:19: undefined reference to `yywrap'
collect2: error: ld returned 1 exit status
configure:4674: $? = 1
configure: failed program was:
| /* confdefs.h */
| #define PACKAGE_NAME "pcalc"
| #define PACKAGE_TARNAME "pcalc"
| #define PACKAGE_VERSION "1.3"
| #define PACKAGE_STRING "pcalc 1.3"
| #define PACKAGE_BUGREPORT ""
| #define PACKAGE_URL ""
| #define PACKAGE "pcalc"
| #define VERSION "1.3"
| /* end confdefs.h.  */
| 
| /* Override any GCC internal prototype to avoid an error.
|    Use char because int might match the return type of a GCC
|    builtin and then its argument prototype would still apply.  */
| char yywrap ();
| int
| main (void)
| {
| return yywrap ();
|   ;
|   return 0;
| }
configure:4674: gcc -o conftest -g -O2   conftest.c -lfl   >&5
/usr/bin/ld: /usr/lib/gcc/x86_64-linux-gnu/11/../../../x86_64-linux-gnu/libfl.so: undefined reference to `yylex'
collect2: error: ld returned 1 exit status
configure:4674: $? = 1
configure: failed program was:
| /* confdefs.h */
| #define PACKAGE_NAME "pcalc"
| #define PACKAGE_TARNAME "pcalc"
| #define PACKAGE_VERSION "1.3"
| #define PACKAGE_STRING "pcalc 1.3"
| #define PACKAGE_BUGREPORT ""
| #define PACKAGE_URL ""
| #define PACKAGE "pcalc"
| #define VERSION "1.3"
| /* end confdefs.h.  */
| 
| /* Override any GCC internal prototype to avoid an error.
|    Use char because int might match the return type of a GCC
|    builtin and then its argument prototype would still apply.  */
| char yywrap ();
| int
| main (void)
| {
| return yywrap ();
|   ;
|   return 0;
| }
configure:4674: gcc -o conftest -g -O2   conftest.c -ll   >&5
configure:4674: $? = 0
configure:4694: result: -ll
configure:4710: checking whether yytext is a pointer
configure:4726: gcc -c -g -O2  conftest.c >&5
configure:4726: $? = 0
configure:4733: result: yes
configure:4750: checking for main in -ld
configure:4770: gcc -o conftest -g -O2   conftest.c -ld   >&5
/usr/bin/ld: cannot find -ld: No such file or directory
collect2: error: ld returned 1 exit status
configure:4770: $? = 1
configure: failed program was:
| /* confdefs.h */
| #define PACKAGE_NAME "pcalc"
| #define PACKAGE_TARNAME "pcalc"
| #define PACKAGE_VERSION "1.3"
| #define PACKAGE_STRING "pcalc 1.3"
| #define PACKAGE_BUGREPORT ""
| #define PACKAGE_URL ""
| #define PACKAGE "pcalc"
| #define VERSION "1.3"
| #define YYTEXT_POINTER 1
| /* end confdefs.h.  */
| 
| 
| int
| main (void)
| {
| return main ();
|   ;
|   return 0;
| }
configure:4780: result: no
configure:4790: checking for main in -lm
configure:4810: gcc -o conftest -g -O2   conftest.c -lm   >&5
configure:4810: $? = 0
configure:4820: result: yes
configure:4837: checking for stdio.h
configure:4837: gcc -c -g -O2  conftest.c >&5
configure:4837: $? = 0
configure:4837: result: yes
configure:4837: checking for stdlib.h
configure:4837: gcc -c -g -O2  conftest.c >&5
configure:4837: $? = 0
configure:4837: result: yes
configure:4837: checking for string.h
configure:4837: gcc -c -g -O2  conftest.c >&5
configure:4837: $? = 0
configure:4837: result: yes
configure:4837: checking for inttypes.h
configure:4837: gcc -c -g -O2  conftest.c >&5
configure:4837: $? = 0
configure:4837: result: yes
configure:4837: checking for stdint.h
configure:4837: gcc -c -g -O2  conftest.c >&5
configure:4837: $? = 0
configure:4837: result: yes
configure:4837: checking for strings.h
configure:4837: gcc -c -g -O2  conftest.c >&5
configure:4837: $? = 0
configure:4837: result: yes
configure:4837: checking for sys/stat.h
configure:4837: gcc -c -g -O2  conftest.c >&5
configure:4837: $? = 0
configure:4837: result: yes
configure:4837: checking for sys/types.h
configure:4837: gcc -c -g -O2  conftest.c >&5
configure:4837: $? = 0
configure:4837: result: yes
configure:4837: checking for unistd.h
configure:4837: gcc -c -g -O2  conftest.c >&5
configure:4837: $? = 0
configure:4837: result: yes
configure:4862: checking for grep that handles long lines and -e
configure:4926: result: /usr/bin/grep
configure:4931: checking for egrep
configure:4999: result: /usr/bin/grep -E
configure:5005: checking for malloc.h
configure:5005: gcc -c -g -O2  conftest.c >&5
configure:5005: $? = 0
configure:5005: result: yes
configure:5011: checking for unistd.h
configure:5011: result: yes
configure:5019: checking for an ANSI C-conforming const
configure:5086: gcc -c -g -O2  conftest.c >&5
configure:5086: $? = 0
configure:5094: result: yes
configure:5102: checking whether struct tm is in sys/time.h or time.h
configure:5123: gcc -c -g -O2  conftest.c >&5
configure:5123: $? = 0
configure:5131: result: time.h
configure:5140: checking for size_t
configure:5140: gcc -c -g -O2  conftest.c >&5
configure:5140: $? = 0
configure:5140: gcc -c -g -O2  conftest.c >&5
conftest.c: In function 'main':
conftest.c:56:21: error: expected expression before ')' token
   56 | if (sizeof ((size_t)))
      |                     ^
configure:5140: $? = 1
configure: failed program was:
| /* confdefs.h */
| #define PACKAGE_NAME "pcalc"
| #define PACKAGE_TARNAME "pcalc"
| #define PACKAGE_VERSION "1.3"
| #define PACKAGE_STRING "pcalc 1.3"
| #define PACKAGE_BUGREPORT ""
| #define PACKAGE_URL ""
| #define PACKAGE "pcalc"
| #define VERSION "1.3"
| #define YYTEXT_POINTER 1
| #define HAVE_LIBM 1
| #define HAVE_STDIO_H 1
| #define HAVE_STDLIB_H 1
| #define HAVE_STRING_H 1
| #define HAVE_INTTYPES_H 1
| #define HAVE_STDINT_H 1
| #define HAVE_STRINGS_H 1
| #define HAVE_SYS_STAT_H 1
| #define HAVE_SYS_TYPES_H 1
| #define HAVE_UNISTD_H 1
| #define STDC_HEADERS 1
| #define HAVE_MALLOC_H 1
| #define HAVE_UNISTD_H 1
| /* end confdefs.h.  */
| #include <stddef.h>
| #ifdef HAVE_STDIO_H
| # include <stdio.h>
| #endif
| #ifdef HAVE_STDLIB_H
| # include <stdlib.h>
| #endif
| #ifdef HAVE_STRING_H
| # include <string.h>
| #endif
| #ifdef HAVE_INTTYPES_H
| # include <inttypes.h>
| #endif
| #ifdef HAVE_STDINT_H
| # include <stdint.h>
| #endif
| #ifdef HAVE_STRINGS_H
| # include <strings.h>
| #endif
| #ifdef HAVE_SYS_TYPES_H
| # include <sys/types.h>
| #endif
| #ifdef HAVE_SYS_STAT_H
| # include <sys/stat.h>
| #endif
| #ifdef HAVE_UNISTD_H
| # include <unistd.h>
| #endif
| int
| main (void)
| {
| if (sizeof ((size_t)))
| 	    return 0;
|   ;
|   return 0;
| }
configure:5140: result: yes
configure:5152: checking for working alloca.h
configure:5170: gcc -o conftest -g -O2   conftest.c -lm  >&5
configure:5170: $? = 0
configure:5179: result: yes
configure:5187: checking for alloca
configure:5232: result: yes
configure:5299: checking return type of signal handlers
configure:5318: gcc -c -g -O2  conftest.c >&5
conftest.c: In function 'main':
conftest.c:33:10: error: void value not ignored as it ought to be
   33 | return *(signal (0, 0)) (0) == 1;
      |         ~^~~~~~~~~~~~~~~~~~
configure:5318: $? = 1
configure: failed program was:
| /* confdefs.h */
| #define PACKAGE_NAME "pcalc"
| #define PACKAGE_TARNAME "pcalc"
| #define PACKAGE_VERSION "1.3"
| #define PACKAGE_STRING "pcalc 1.3"
| #define PACKAGE_BUGREPORT ""
| #define PACKAGE_URL ""
| #define PACKAGE "pcalc"
| #define VERSION "1.3"
| #define YYTEXT_POINTER 1
| #define HAVE_LIBM 1
| #define HAVE_STDIO_H 1
| #define HAVE_STDLIB_H 1
| #define HAVE_STRING_H 1
| #define HAVE_INTTYPES_H 1
| #define HAVE_STDINT_H 1
| #define HAVE_STRINGS_H 1
| #define HAVE_SYS_STAT_H 1
| #define HAVE_SYS_TYPES_H 1
| #define HAVE_UNISTD_H 1
| #define STDC_HEADERS 1
| #define HAVE_MALLOC_H 1
| #define HAVE_UNISTD_H 1
| #define HAVE_ALLOCA_H 1
| #define HAVE_ALLOCA 1
| /* end confdefs.h.  */
| #include <sys/types.h>
| #include <signal.h>
| 
| int
| main (void)
| {
| return *(signal (0, 0)) (0) == 1;
|   ;
|   return 0;
| }
configure:5326: result: void
configure:5335: checking for strftime
configure:5335: gcc -o conftest -g -O2   conftest.c -lm  >&5
conftest.c:44:6: warning: conflicting types for built-in function 'strftime'; expected 'long unsigned int(char *, long unsigned int,  const char *, const void *)' [-Wbuiltin-declaration-mismatch]
   44 | char strftime ();
      |      ^~~~~~~~
conftest.c:36:1: note: 'strftime' is declared in header '<time.h>'
   35 | #include <limits.h>
   36 | #undef strftime
configure:5335: $? = 0
configure:5335: result: yes
configure:5527: checking that generated files are newer than configure
configure:5533: result: done
configure:5556: creating ./config.status

## ---------------- ##
## Cache variables. ##
## ---------------- ##

ac_cv_c_compiler_gnu=yes
ac_cv_c_const=yes
ac_cv_env_CC_set=
ac_cv_env_CC_value=
ac_cv_env_CFLAGS_set=
ac_cv_env_CFLAGS_value=
ac_cv_env_CPPFLAGS_set=
ac_cv_env_CPPFLAGS_value=
ac_cv_env_LDFLAGS_set=
ac_cv_env_LDFLAGS_value=
ac_cv_env_LIBS_set=
ac_cv_env_LIBS_value=
ac_cv_env_YACC_set=
ac_cv_env_YACC_value=
ac_cv_env_YFLAGS_set=
ac_cv_env_YFLAGS_value=
ac_cv_env_build_alias_set=
ac_cv_env_build_alias_value=
ac_cv_env_host_alias_set=
ac_cv_env_host_alias_value=
ac_cv_env_target_alias_set=
ac_cv_env_target_alias_value=
ac_cv_func_alloca_works=yes
ac_cv_func_strftime=yes
ac_cv_header_inttypes_h=yes
ac_cv_header_malloc_h=yes
ac_cv_header_stdint_h=yes
ac_cv_header_stdio_h=yes
ac_cv_header_stdlib_h=yes
ac_cv_header_string_h=yes
ac_cv_header_strings_h=yes
ac_cv_header_sys_stat_h=yes
ac_cv_header_sys_types_h=yes
ac_cv_header_unistd_h=yes
ac_cv_lib_d_main=no
ac_cv_lib_lex='none needed'
ac_cv_lib_m_main=yes
ac_cv_objext=o
ac_cv_path_EGREP='/usr/bin/grep -E'
ac_cv_path_GREP=/usr/bin/grep
ac_cv_path_install='/usr/bin/install -c'
ac_cv_path_mkdir=/usr/bin/mkdir
ac_cv_prog_AWK=gawk
ac_cv_prog_LEX=flex
ac_cv_prog_YACC='bison -y'
ac_cv_prog_ac_ct_CC=gcc
ac_cv_prog_cc_c11=
ac_cv_prog_cc_g=yes
ac_cv_prog_cc_stdc=
ac_cv_prog_lex_root=lex.yy
ac_cv_prog_lex_yytext_pointer=yes
ac_cv_prog_make_make_set=yes
ac_cv_search_yywrap=-ll
ac_cv_struct_tm=time.h
ac_cv_type_signal=void
ac_cv_type_size_t=yes
ac_cv_working_alloca_h=yes
am_cv_CC_dependencies_compiler_type=gcc3
am_cv_make_support_nested_variables=yes
am_cv_prog_cc_c_o=yes

## ----------------- ##
## Output variables. ##
## ----------------- ##

ACLOCAL='aclocal-1.16'
ALLOCA=''
AMDEPBACKSLASH='\'
AMDEP_FALSE='#'
AMDEP_TRUE=''
AMTAR='$${TAR-tar}'
AM_BACKSLASH='\'
AM_DEFAULT_V='$(AM_DEFAULT_VERBOSITY)'
AM_DEFAULT_VERBOSITY='1'
AM_V='$(V)'
AUTOCONF='autoconf'
AUTOHEADER='autoheader'
AUTOMAKE='automake-1.16'
AWK='gawk'
CC='gcc'
CCDEPMODE='depmode=gcc3'
CFLAGS='-g -O2'
CPPFLAGS=''
CSCOPE='cscope'
CTAGS='ctags'
CYGPATH_W='echo'
DEFS='-DPACKAGE_NAME=\"pcalc\" -DPACKAGE_TARNAME=\"pcalc\" -DPACKAGE_VERSION=\"1.3\" -DPACKAGE_STRING=\"pcalc\ 1.3\" -DPACKAGE_BUGREPORT=\"\" -DPACKAGE_URL=\"\" -DPACKAGE=\"pcalc\" -DVERSION=\"1.3\" -DYYTEXT_POINTER=1 -DHAVE_LIBM=1 -DHAVE_STDIO_H=1 -DHAVE_STDLIB_H=1 -DHAVE_STRING_H=1 -DHAVE_INTTYPES_H=1 -DHAVE_STDINT_H=1 -DHAVE_STRINGS_H=1 -DHAVE_SYS_STAT_H=1 -DHAVE_SYS_TYPES_H=1 -DHAVE_UNISTD_H=1 -DSTDC_HEADERS=1 -DHAVE_MALLOC_H=1 -DHAVE_UNISTD_H=1 -DHAVE_ALLOCA_H=1 -DHAVE_ALLOCA=1 -DRETSIGTYPE=void -DHAVE_STRFTIME=1'
DEPDIR='.deps'
ECHO_C=''
ECHO_N='-n'
ECHO_T=''
EGREP='/usr/bin/grep -E'
ETAGS='etags'
EXEEXT=''
GREP='/usr/bin/grep'
INSTALL_DATA='${INSTALL} -m 644'
INSTALL_PROGRAM='${INSTALL}'
INSTALL_SCRIPT='${INSTALL}'
INSTALL_STRIP_PROGRAM='$(install_sh) -c -s'
LDFLAGS=''
LEX='flex'
LEXLIB='-ll '
LEX_OUTPUT_ROOT='lex.yy'
LIBOBJS=''
LIBS='-lm '
LTLIBOBJS=''
MAKEINFO='makeinfo'
MKDIR_P='/usr/bin/mkdir -p'
OBJEXT='o'
PACKAGE='pcalc'
PACKAGE_BUGREPORT=''
PACKAGE_NAME='pcalc'
PACKAGE_STRING='pcalc 1.3'
PACKAGE_TARNAME='pcalc'
PACKAGE_URL=''
PACKAGE_VERSION='1.3'
PATH_SEPARATOR=':'
SET_MAKE=''
SHELL='/bin/bash'
STRIP=''
VERSION='1.3'
YACC='bison -y'
YFLAGS=''
ac_ct_CC='gcc'
am__EXEEXT_FALSE=''
am__EXEEXT_TRUE='#'
am__fastdepCC_FALSE='#'
am__fastdepCC_TRUE=''
am__include='include'
am__isrc=''
am__leading_dot='.'
am__nodep='_no'
am__quote=''
am__tar='$${TAR-tar} chof - "$$tardir"'
am__untar='$${TAR-tar} xf -'
bindir='${exec_prefix}/bin'
build_alias=''
datadir='${datarootdir}'
datarootdir='${prefix}/share'
docdir='${datarootdir}/doc/${PACKAGE_TARNAME}'
dvidir='${docdir}'
exec_prefix='${prefix}'
host_alias=''
htmldir='${docdir}'
includedir='${prefix}/include'
infodir='${datarootdir}/info'
install_sh='${SHELL} /home/peterglen/pgsrc/pcalc/pcalc/install-sh'
libdir='${exec_prefix}/lib'
libexecdir='${exec_prefix}/libexec'
localedir='${datarootdir}/locale'
localstatedir='${prefix}/var'
mandir='${datarootdir}/man'
mkdir_p='$(MKDIR_P)'
oldincludedir='/usr/include'
pdfdir='${docdir}'
prefix='/usr/local'
program_transform_name='s,x,x,'
psdir='${docdir}'
runstatedir='${localstatedir}/run'
sbindir='${exec_prefix}/sbin'
sharedstatedir='${prefix}/com'
sysconfdir='${prefix}/etc'
target_alias=''

## ----------- ##
## confdefs.h. ##
## ----------- ##

/* confdefs.h */
#define PACKAGE_NAME "pcalc"
#define PACKAGE_TARNAME "pcalc"
#define PACKAGE_VERSION "1.3"
#define PACKAGE_STRING "pcalc 1.3"
#define PACKAGE_BUGREPORT ""
#define PACKAGE_URL ""
#define PACKAGE "pcalc"
#define VERSION "1.3"
#define YYTEXT_POINTER 1
#define HAVE_LIBM 1
#define HAVE_STDIO_H 1
#define HAVE_STDLIB_H 1
#define HAVE_STRING_H 1
#define HAVE_INTTYPES_H 1
#define HAVE_STDINT_H 1
#define HAVE_STRINGS_H 1
#define HAVE_SYS_STAT_H 1
#define HAVE_SYS_TYPES_H 1
#define HAVE_UNISTD_H 1
#define STDC_HEADERS 1
#define HAVE_MALLOC_H 1
#define HAVE_UNISTD_H 1
#define HAVE_ALLOCA_H 1
#define HAVE_ALLOCA 1
#define RETSIGTYPE void
#define HAVE_STRFTIME 1

configure: exit 0

## ---------------------- ##
## Running config.status. ##
## ---------------------- ##

This file was extended by pcalc config.status 1.3, which was
generated by GNU Autoconf 2.71.  Invocation command line was

  CONFIG_FILES    = 
  CONFIG_HEADERS  = 
  CONFIG_LINKS    = 
  CONFIG_COMMANDS = 
  $ ./config.status 

on ubunew

config.status:779: creating Makefile
config.status:951: executing depfiles commands
config.status:1028: cd .       && sed -e '/# am--include-marker/d' Makefile         | make -f - am--depfiles
make[1]: Entering directory '/home/peterglen/pgsrc/pcalc/pcalc'
make[1]: Nothing to be done for 'am--depfiles'.
make[1]: Leaving directory '/home/peterglen/pgsrc/pcalc/pcalc'
config.status:1033: $? = 0

## ---------------------- ##
## Running config.status. ##
## ---------------------- ##

This file was extended by pcalc config.status 1.3, which was
generated by GNU Autoconf 2.71.  Invocation command line was

  CONFIG_FILES    = 
  CONFIG_HEADERS  = 
  CONFIG_LINKS    = 
  CONFIG_COMMANDS = 
  $ ./config.status Makefile depfiles

on ubunew

config.status:779: creating Makefile
config.status:951: executing depfiles commands
config.status:1028: cd .       && sed -e '/# am--include-marker/d' Makefile         | make -f - am--depfiles
make[1]: Entering directory '/home/peterglen/pgsrc/pcalc/pcalc'
make[1]: Nothing to be done for 'am--depfiles'.
make[1]: Leaving directory '/home/peterglen/pgsrc/pcalc/pcalc'
config.status:1033: $? = 0

## ---------------------- ##
## Running config.status. ##
## ---------------------- ##

This file was extended by pcalc config.status 1.3, which was
generated by GNU Autoconf 2.71.  Invocation command line was

  CONFIG_FILES    = 
  CONFIG_HEADERS  = 
  CONFIG_LINKS    = 
  CONFIG_COMMANDS = 
  $ ./config.status Makefile depfiles

on ubunew

config.status:779: creating Makefile
config.status:951: executing depfiles commands
config.status:1028: cd .       && sed -e '/# am--include-marker/d' Makefile         | make -f - am--depfiles
make[1]: Entering directory '/home/peterglen/pgsrc/pcalc/pcalc'
make[1]: Nothing to be done for 'am--depfiles'.
make[1]: Leaving directory '/home/peterglen/pgsrc/pcalc/pcalc'
config.status:1033: $? = 0
