This file contains any messages produced by compilers while
running configure, to aid debugging if configure makes a mistake.

configure:557: checking for a BSD compatible install
configure:610: checking whether build environment is sane
configure:667: checking whether make sets ${MAKE}
configure:714: checking for working aclocal
configure:727: checking for working autoconf
configure:740: checking for working automake
configure:753: checking for working autoheader
configure:766: checking for working makeinfo
configure:785: checking for bison
configure:818: checking for gcc
configure:931: checking whether the C compiler (gcc  ) works
configure:947: gcc -o conftest    conftest.c  1>&5
configure:973: checking whether the C compiler (gcc  ) is a cross-compiler
configure:978: checking whether we are using GNU C
configure:987: gcc -E conftest.c
configure:1006: checking whether gcc accepts -g
configure:1039: checking how to run the C preprocessor
configure:1060: gcc -E  conftest.c >/dev/null 2>conftest.out
configure:1124: checking for flex
configure:1157: checking for flex
configure:1191: checking for yywrap in -lfl
configure:1210: gcc -o conftest -g -O2   conftest.c -lfl   1>&5
configure:1233: checking lex output file root
configure:1254: checking whether yytext is a pointer
configure:1273: gcc -o conftest -g -O2   conftest.c  -lfl 1>&5
configure:1306: checking for a BSD compatible install
configure:1360: checking for main in -ld
configure:1375: gcc -o conftest -g -O2   conftest.c -ld   1>&5
/usr/bin/ld: cannot find -ld
collect2: ld returned 1 exit status
configure: failed program was:
#line 1368 "configure"
#include "confdefs.h"

int main() {
main()
; return 0; }
configure:1403: checking for main in -lm
configure:1418: gcc -o conftest -g -O2   conftest.c -lm   1>&5
configure:1447: checking for ANSI C header files
configure:1460: gcc -E  conftest.c >/dev/null 2>conftest.out
configure:1527: gcc -o conftest -g -O2   conftest.c -lm  1>&5
configure:1554: checking for malloc.h
configure:1564: gcc -E  conftest.c >/dev/null 2>conftest.out
configure:1554: checking for unistd.h
configure:1564: gcc -E  conftest.c >/dev/null 2>conftest.out
configure:1592: checking for working const
configure:1646: gcc -c -g -O2  conftest.c 1>&5
configure:1667: checking whether struct tm is in sys/time.h or time.h
configure:1680: gcc -c -g -O2  conftest.c 1>&5
configure:1704: checking for working alloca.h
configure:1716: gcc -o conftest -g -O2   conftest.c -lm  1>&5
configure:1737: checking for alloca
configure:1770: gcc -o conftest -g -O2   conftest.c -lm  1>&5
configure:1936: checking return type of signal handlers
configure:1958: gcc -c -g -O2  conftest.c 1>&5
configure:1977: checking for strftime
configure:2005: gcc -o conftest -g -O2   conftest.c -lm  1>&5
