This file contains any messages produced by compilers while
running configure, to aid debugging if configure makes a mistake.

It was created by pcalc configure 1.5, which was
generated by GNU Autoconf 2.71.  Invocation command line was

  $ ./configure --disable-option-checking --prefix=/usr/local --cache-file=/dev/null --srcdir=.

## --------- ##
## Platform. ##
## --------- ##

hostname = ubunew
uname -m = x86_64
uname -r = 5.15.0-56-generic
uname -s = Linux
uname -v = #62-Ubuntu SMP Tue Nov 22 19:54:14 UTC 2022

/usr/bin/uname -p = x86_64
/bin/uname -X     = unknown

/bin/arch              = x86_64
/usr/bin/arch -k       = unknown
/usr/convex/getsysinfo = unknown
/usr/bin/hostinfo      = unknown
/bin/machine           = unknown
/usr/bin/oslevel       = unknown
/bin/universe          = unknown

PATH: /home/peterglen/Downloads/gcc-arm-none-eabi-10.3-2021.10/bin/
PATH: /home/peterglen/Downloads/gcc-arm-none-eabi-10.3-2021.10/gcc-arm-none-eabi-10.3-2021.10/bin/
PATH: /home/peterglen/android-studio/bin/
PATH: /home/peterglen/pgbin/
PATH: /home/peterglen/.cargo/bin/
PATH: /home/peterglen/.local/bin/
PATH: /usr/local/sbin/
PATH: /usr/local/bin/
PATH: /usr/sbin/
PATH: /usr/bin/
PATH: /sbin/
PATH: /bin/
PATH: /usr/games/
PATH: /usr/local/games/
PATH: /snap/bin/
PATH: /opt/firefox/firefox/


## ----------- ##
## Core tests. ##
## ----------- ##

configure:2333: looking for aux files: install-sh
configure:2346:  trying ./
configure:2346:  trying ./../
configure:2357:   ./../install-sh found
configure:2600: checking for gcc
configure:2621: found /usr/bin/gcc
configure:2632: result: gcc
configure:2985: checking for C compiler version
configure:2994: gcc --version >&5
gcc (Ubuntu 11.3.0-1ubuntu1~22.04) 11.3.0
Copyright (C) 2021 Free Software Foundation, Inc.
This is free software; see the source for copying conditions.  There is NO
warranty; not even for MERCHANTABILITY or FITNESS FOR A PARTICULAR PURPOSE.

configure:3005: $? = 0
configure:2994: gcc -v >&5
Using built-in specs.
COLLECT_GCC=gcc
COLLECT_LTO_WRAPPER=/usr/lib/gcc/x86_64-linux-gnu/11/lto-wrapper
OFFLOAD_TARGET_NAMES=nvptx-none:amdgcn-amdhsa
OFFLOAD_TARGET_DEFAULT=1
Target: x86_64-linux-gnu
Configured with: ../src/configure -v --with-pkgversion='Ubuntu 11.3.0-1ubuntu1~22.04' --with-bugurl=file:///usr/share/doc/gcc-11/README.Bugs --enable-languages=c,ada,c++,go,brig,d,fortran,objc,obj-c++,m2 --prefix=/usr --with-gcc-major-version-only --program-suffix=-11 --program-prefix=x86_64-linux-gnu- --enable-shared --enable-linker-build-id --libexecdir=/usr/lib --without-included-gettext --enable-threads=posix --libdir=/usr/lib --enable-nls --enable-bootstrap --enable-clocale=gnu --enable-libstdcxx-debug --enable-libstdcxx-time=yes --with-default-libstdcxx-abi=new --enable-gnu-unique-object --disable-vtable-verify --enable-plugin --enable-default-pie --with-system-zlib --enable-libphobos-checking=release --with-target-system-zlib=auto --enable-objc-gc=auto --enable-multiarch --disable-werror --enable-cet --with-arch-32=i686 --with-abi=m64 --with-multilib-list=m32,m64,mx32 --enable-multilib --with-tune=generic --enable-offload-targets=nvptx-none=/build/gcc-11-xKiWfi/gcc-11-11.3.0/debian/tmp-nvptx/usr,amdgcn-amdhsa=/build/gcc-11-xKiWfi/gcc-11-11.3.0/debian/tmp-gcn/usr --without-cuda-driver --enable-checking=release --build=x86_64-linux-gnu --host=x86_64-linux-gnu --target=x86_64-linux-gnu --with-build-config=bootstrap-lto-lean --enable-link-serialization=2
Thread model: posix
Supported LTO compression algorithms: zlib zstd
gcc version 11.3.0 (Ubuntu 11.3.0-1ubuntu1~22.04) 
... rest of stderr output deleted ...
configure:3005: $? = 0
configure:2994: gcc -V >&5
gcc: error: unrecognized command-line option '-V'
gcc: fatal error: no input files
compilation terminated.
configure:3005: $? = 1
configure:2994: gcc -qversion >&5
gcc: error: unrecognized command-line option '-qversion'; did you mean '--version'?
gcc: fatal error: no input files
compilation terminated.
configure:3005: $? = 1
configure:2994: gcc -version >&5
gcc: error: unrecognized command-line option '-version'
gcc: fatal error: no input files
compilation terminated.
configure:3005: $? = 1
configure:3025: checking whether the C compiler works
configure:3047: gcc    conftest.c  >&5
configure:3051: $? = 0
configure:3101: result: yes
configure:3104: checking for C compiler default output file name
configure:3106: result: a.out
configure:3112: checking for suffix of executables
configure:3119: gcc -o conftest    conftest.c  >&5
configure:3123: $? = 0
configure:3146: result: 
configure:3168: checking whether we are cross compiling
configure:3176: gcc -o conftest    conftest.c  >&5
configure:3180: $? = 0
configure:3187: ./conftest
configure:3191: $? = 0
configure:3206: result: no
configure:3211: checking for suffix of object files
configure:3234: gcc -c   conftest.c >&5
configure:3238: $? = 0
configure:3260: result: o
configure:3264: checking whether the compiler supports GNU C
configure:3284: gcc -c   conftest.c >&5
configure:3284: $? = 0
configure:3294: result: yes
configure:3305: checking whether gcc accepts -g
configure:3326: gcc -c -g  conftest.c >&5
configure:3326: $? = 0
configure:3370: result: yes
configure:3390: checking for gcc option to enable C11 features
configure:3405: gcc  -c -g -O2  conftest.c >&5
configure:3405: $? = 0
configure:3423: result: none needed
configure:3550: checking for a BSD-compatible install
configure:3623: result: /usr/bin/install -c
configure:3636: checking for main in -ld
configure:3656: gcc -o conftest -g -O2   conftest.c -ld   >&5
/usr/bin/ld: cannot find -ld: No such file or directory
collect2: error: ld returned 1 exit status
configure:3656: $? = 1
configure: failed program was:
| /* confdefs.h */
| #define PACKAGE_NAME "pcalc"
| #define PACKAGE_TARNAME "pcalc"
| #define PACKAGE_VERSION "1.5"
| #define PACKAGE_STRING "pcalc 1.5"
| #define PACKAGE_BUGREPORT ""
| #define PACKAGE_URL ""
| /* end confdefs.h.  */
| 
| 
| int
| main (void)
| {
| return main ();
|   ;
|   return 0;
| }
configure:3666: result: no
configure:3676: checking for main in -lm
configure:3696: gcc -o conftest -g -O2   conftest.c -lm   >&5
configure:3696: $? = 0
configure:3706: result: yes
configure:3721: checking for stdio.h
configure:3721: gcc -c -g -O2  conftest.c >&5
configure:3721: $? = 0
configure:3721: result: yes
configure:3721: checking for stdlib.h
configure:3721: gcc -c -g -O2  conftest.c >&5
configure:3721: $? = 0
configure:3721: result: yes
configure:3721: checking for string.h
configure:3721: gcc -c -g -O2  conftest.c >&5
configure:3721: $? = 0
configure:3721: result: yes
configure:3721: checking for inttypes.h
configure:3721: gcc -c -g -O2  conftest.c >&5
configure:3721: $? = 0
configure:3721: result: yes
configure:3721: checking for stdint.h
configure:3721: gcc -c -g -O2  conftest.c >&5
configure:3721: $? = 0
configure:3721: result: yes
configure:3721: checking for strings.h
configure:3721: gcc -c -g -O2  conftest.c >&5
configure:3721: $? = 0
configure:3721: result: yes
configure:3721: checking for sys/stat.h
configure:3721: gcc -c -g -O2  conftest.c >&5
configure:3721: $? = 0
configure:3721: result: yes
configure:3721: checking for sys/types.h
configure:3721: gcc -c -g -O2  conftest.c >&5
configure:3721: $? = 0
configure:3721: result: yes
configure:3721: checking for unistd.h
configure:3721: gcc -c -g -O2  conftest.c >&5
configure:3721: $? = 0
configure:3721: result: yes
configure:3746: checking for malloc.h
configure:3746: gcc -c -g -O2  conftest.c >&5
configure:3746: $? = 0
configure:3746: result: yes
configure:3752: checking for unistd.h
configure:3752: result: yes
configure:3760: checking for an ANSI C-conforming const
configure:3827: gcc -c -g -O2  conftest.c >&5
configure:3827: $? = 0
configure:3835: result: yes
configure:3843: checking whether struct tm is in sys/time.h or time.h
configure:3864: gcc -c -g -O2  conftest.c >&5
configure:3864: $? = 0
configure:3872: result: time.h
configure:3881: checking for size_t
configure:3881: gcc -c -g -O2  conftest.c >&5
configure:3881: $? = 0
configure:3881: gcc -c -g -O2  conftest.c >&5
conftest.c: In function 'main':
conftest.c:53:21: error: expected expression before ')' token
   53 | if (sizeof ((size_t)))
      |                     ^
configure:3881: $? = 1
configure: failed program was:
| /* confdefs.h */
| #define PACKAGE_NAME "pcalc"
| #define PACKAGE_TARNAME "pcalc"
| #define PACKAGE_VERSION "1.5"
| #define PACKAGE_STRING "pcalc 1.5"
| #define PACKAGE_BUGREPORT ""
| #define PACKAGE_URL ""
| #define HAVE_LIBM 1
| #define HAVE_STDIO_H 1
| #define HAVE_STDLIB_H 1
| #define HAVE_STRING_H 1
| #define HAVE_INTTYPES_H 1
| #define HAVE_STDINT_H 1
| #define HAVE_STRINGS_H 1
| #define HAVE_SYS_STAT_H 1
| #define HAVE_SYS_TYPES_H 1
| #define HAVE_UNISTD_H 1
| #define STDC_HEADERS 1
| #define HAVE_MALLOC_H 1
| #define HAVE_UNISTD_H 1
| /* end confdefs.h.  */
| #include <stddef.h>
| #ifdef HAVE_STDIO_H
| # include <stdio.h>
| #endif
| #ifdef HAVE_STDLIB_H
| # include <stdlib.h>
| #endif
| #ifdef HAVE_STRING_H
| # include <string.h>
| #endif
| #ifdef HAVE_INTTYPES_H
| # include <inttypes.h>
| #endif
| #ifdef HAVE_STDINT_H
| # include <stdint.h>
| #endif
| #ifdef HAVE_STRINGS_H
| # include <strings.h>
| #endif
| #ifdef HAVE_SYS_TYPES_H
| # include <sys/types.h>
| #endif
| #ifdef HAVE_SYS_STAT_H
| # include <sys/stat.h>
| #endif
| #ifdef HAVE_UNISTD_H
| # include <unistd.h>
| #endif
| int
| main (void)
| {
| if (sizeof ((size_t)))
| 	    return 0;
|   ;
|   return 0;
| }
configure:3881: result: yes
configure:3893: checking for working alloca.h
configure:3911: gcc -o conftest -g -O2   conftest.c -lm  >&5
configure:3911: $? = 0
configure:3920: result: yes
configure:3928: checking for alloca
configure:3973: result: yes
configure:4043: checking for strftime
configure:4043: gcc -o conftest -g -O2   conftest.c -lm  >&5
conftest.c:40:6: warning: conflicting types for built-in function 'strftime'; expected 'long unsigned int(char *, long unsigned int,  const char *, const void *)' [-Wbuiltin-declaration-mismatch]
   40 | char strftime ();
      |      ^~~~~~~~
conftest.c:32:1: note: 'strftime' is declared in header '<time.h>'
   31 | #include <limits.h>
   32 | #undef strftime
configure:4043: $? = 0
configure:4043: result: yes
configure:4243: creating ./config.status

## ---------------------- ##
## Running config.status. ##
## ---------------------- ##

This file was extended by pcalc config.status 1.5, which was
generated by GNU Autoconf 2.71.  Invocation command line was

  CONFIG_FILES    = 
  CONFIG_HEADERS  = 
  CONFIG_LINKS    = 
  CONFIG_COMMANDS = 
  $ ./config.status 

on ubunew


## ---------------- ##
## Cache variables. ##
## ---------------- ##

ac_cv_c_compiler_gnu=yes
ac_cv_c_const=yes
ac_cv_env_CC_set=
ac_cv_env_CC_value=
ac_cv_env_CFLAGS_set=
ac_cv_env_CFLAGS_value=
ac_cv_env_CPPFLAGS_set=
ac_cv_env_CPPFLAGS_value=
ac_cv_env_LDFLAGS_set=
ac_cv_env_LDFLAGS_value=
ac_cv_env_LIBS_set=
ac_cv_env_LIBS_value=
ac_cv_env_YACC_set=
ac_cv_env_YACC_value=
ac_cv_env_YFLAGS_set=
ac_cv_env_YFLAGS_value=
ac_cv_env_build_alias_set=
ac_cv_env_build_alias_value=
ac_cv_env_host_alias_set=
ac_cv_env_host_alias_value=
ac_cv_env_target_alias_set=
ac_cv_env_target_alias_value=
ac_cv_func_alloca_works=yes
ac_cv_func_strftime=yes
ac_cv_header_inttypes_h=yes
ac_cv_header_malloc_h=yes
ac_cv_header_stdint_h=yes
ac_cv_header_stdio_h=yes
ac_cv_header_stdlib_h=yes
ac_cv_header_string_h=yes
ac_cv_header_strings_h=yes
ac_cv_header_sys_stat_h=yes
ac_cv_header_sys_types_h=yes
ac_cv_header_unistd_h=yes
ac_cv_lib_d_main=no
ac_cv_lib_m_main=yes
ac_cv_objext=o
ac_cv_path_install='/usr/bin/install -c'
ac_cv_prog_ac_ct_CC=gcc
ac_cv_prog_cc_c11=
ac_cv_prog_cc_g=yes
ac_cv_prog_cc_stdc=
ac_cv_struct_tm=time.h
ac_cv_type_size_t=yes
ac_cv_working_alloca_h=yes

## ----------------- ##
## Output variables. ##
## ----------------- ##

ALLOCA=''
CC='gcc'
CFLAGS='-g -O2'
CPPFLAGS=''
DEFS='-DPACKAGE_NAME=\"pcalc\" -DPACKAGE_TARNAME=\"pcalc\" -DPACKAGE_VERSION=\"1.5\" -DPACKAGE_STRING=\"pcalc\ 1.5\" -DPACKAGE_BUGREPORT=\"\" -DPACKAGE_URL=\"\" -DHAVE_LIBM=1 -DHAVE_STDIO_H=1 -DHAVE_STDLIB_H=1 -DHAVE_STRING_H=1 -DHAVE_INTTYPES_H=1 -DHAVE_STDINT_H=1 -DHAVE_STRINGS_H=1 -DHAVE_SYS_STAT_H=1 -DHAVE_SYS_TYPES_H=1 -DHAVE_UNISTD_H=1 -DSTDC_HEADERS=1 -DHAVE_MALLOC_H=1 -DHAVE_UNISTD_H=1 -DHAVE_ALLOCA_H=1 -DHAVE_ALLOCA=1 -DHAVE_STRFTIME=1'
ECHO_C=''
ECHO_N='-n'
ECHO_T=''
EXEEXT=''
INSTALL_DATA='${INSTALL} -m 644'
INSTALL_PROGRAM='${INSTALL}'
INSTALL_SCRIPT='${INSTALL}'
LDFLAGS=''
LIBOBJS=''
LIBS='-lm '
LTLIBOBJS=''
OBJEXT='o'
PACKAGE_BUGREPORT=''
PACKAGE_NAME='pcalc'
PACKAGE_STRING='pcalc 1.5'
PACKAGE_TARNAME='pcalc'
PACKAGE_URL=''
PACKAGE_VERSION='1.5'
PATH_SEPARATOR=':'
SHELL='/bin/bash'
YACC='yacc'
YFLAGS=''
ac_ct_CC='gcc'
bindir='${exec_prefix}/bin'
build_alias=''
datadir='${datarootdir}'
datarootdir='${prefix}/share'
docdir='${datarootdir}/doc/${PACKAGE_TARNAME}'
dvidir='${docdir}'
exec_prefix='${prefix}'
host_alias=''
htmldir='${docdir}'
includedir='${prefix}/include'
infodir='${datarootdir}/info'
libdir='${exec_prefix}/lib'
libexecdir='${exec_prefix}/libexec'
localedir='${datarootdir}/locale'
localstatedir='${prefix}/var'
mandir='${datarootdir}/man'
oldincludedir='/usr/include'
pdfdir='${docdir}'
prefix='/usr/local'
program_transform_name='s,x,x,'
psdir='${docdir}'
runstatedir='${localstatedir}/run'
sbindir='${exec_prefix}/sbin'
sharedstatedir='${prefix}/com'
subdirs=' src'
sysconfdir='${prefix}/etc'
target_alias=''

## ----------- ##
## confdefs.h. ##
## ----------- ##

/* confdefs.h */
#define PACKAGE_NAME "pcalc"
#define PACKAGE_TARNAME "pcalc"
#define PACKAGE_VERSION "1.5"
#define PACKAGE_STRING "pcalc 1.5"
#define PACKAGE_BUGREPORT ""
#define PACKAGE_URL ""
#define HAVE_LIBM 1
#define HAVE_STDIO_H 1
#define HAVE_STDLIB_H 1
#define HAVE_STRING_H 1
#define HAVE_INTTYPES_H 1
#define HAVE_STDINT_H 1
#define HAVE_STRINGS_H 1
#define HAVE_SYS_STAT_H 1
#define HAVE_SYS_TYPES_H 1
#define HAVE_UNISTD_H 1
#define STDC_HEADERS 1
#define HAVE_MALLOC_H 1
#define HAVE_UNISTD_H 1
#define HAVE_ALLOCA_H 1
#define HAVE_ALLOCA 1
#define HAVE_STRFTIME 1

configure: exit 0
